<?xml version="1.0" encoding="UTF-8"?>
<testsuite name="DequeTest" tests="5" skipped="0" failures="0" errors="0" timestamp="2022-02-18T16:30:52" hostname="DESKTOP-F5KT1MV" time="0.021">
  <properties/>
  <testcase name="example" classname="DequeTest" time="0.02"/>
  <testcase name="pushShift" classname="DequeTest" time="0.0"/>
  <testcase name="unshiftShift" classname="DequeTest" time="0.0"/>
  <testcase name="pushPop" classname="DequeTest" time="0.0"/>
  <testcase name="unshiftPop" classname="DequeTest" time="0.0"/>
  <system-out><![CDATA[]]></system-out>
  <system-err><![CDATA[]]></system-err>
</testsuite>
