<?xml version="1.0" encoding="UTF-8"?>
<testsuite name="TriangleTest" tests="19" skipped="1" failures="0" errors="0" timestamp="2022-01-08T09:26:16" hostname="DESKTOP-F5KT1MV" time="0.046">
  <properties/>
  <testcase name="scalene - may not violate triangle inequality" classname="TriangleTest" time="0.017"/>
  <testcase name="triangle inequality violation - last is greater then sum of others " classname="TriangleTest" time="0.0"/>
  <testcase name="isosceles - no sides are equal" classname="TriangleTest" time="0.023"/>
  <testcase name="scalene - two sides are equal" classname="TriangleTest" time="0.0"/>
  <testcase name="isosceles - first two sides are equal" classname="TriangleTest" time="0.0"/>
  <testcase name="equilateral - any side is unequal" classname="TriangleTest" time="0.001"/>
  <testcase name="equilateral - all sides are equal" classname="TriangleTest" time="0.0"/>
  <testcase name="isosceles - sides may be floats" classname="TriangleTest" time="0.0"/>
  <testcase name="isosceles - first and last sides are equal" classname="TriangleTest" time="0.0"/>
  <testcase name="scalene - no sides are equal" classname="TriangleTest" time="0.0"/>
  <testcase name="isosceles - last two sides are equal" classname="TriangleTest" time="0.0"/>
  <testcase name="scalene - all sides are equal" classname="TriangleTest" time="0.0"/>
  <testcase name="equilateral - sides may be floats" classname="TriangleTest" time="0.0"/>
  <testcase name="equilateral - all zero sides is not a triangle" classname="TriangleTest" time="0.0">
    <skipped/>
  </testcase>
  <testcase name="triangle inequality violation - first is greater then sum of others " classname="TriangleTest" time="0.0"/>
  <testcase name="triangle inequality violation - second is greater then sum of others " classname="TriangleTest" time="0.001"/>
  <testcase name="equilateral - no sides are equal" classname="TriangleTest" time="0.001"/>
  <testcase name="scalene - sides may be floats" classname="TriangleTest" time="0.0"/>
  <testcase name="isosceles - equilateral triangles are also isosceles" classname="TriangleTest" time="0.0"/>
  <system-out><![CDATA[]]></system-out>
  <system-err><![CDATA[]]></system-err>
</testsuite>
