<?xml version="1.0" encoding="UTF-8"?>
<testsuite name="MatrixTest" tests="8" skipped="0" failures="0" errors="0" timestamp="2022-01-06T09:44:01" hostname="DESKTOP-F5KT1MV" time="0.049">
  <properties/>
  <testcase name="extract row from one number matrix" classname="MatrixTest" time="0.032"/>
  <testcase name="extract column from one number matrix" classname="MatrixTest" time="0.0"/>
  <testcase name="extract row from matrix" classname="MatrixTest" time="0.015"/>
  <testcase name="extract row from non square matrix" classname="MatrixTest" time="0.0"/>
  <testcase name="extract column from non square matrix" classname="MatrixTest" time="0.001"/>
  <testcase name="extract column matrix" classname="MatrixTest" time="0.0"/>
  <testcase name="extract row from diff widths matrix" classname="MatrixTest" time="0.0"/>
  <testcase name="extract column from diff widths matrix" classname="MatrixTest" time="0.0"/>
  <system-out><![CDATA[[[1]]
[[1]]
[[1, 2], [3, 4]]
[[1, 2, 3], [4, 5, 6], [7, 8, 9], [8, 7, 6]]
[[1, 2, 3, 4], [5, 6, 7, 8], [9, 8, 7, 6]]
[[1, 2, 3], [4, 5, 6], [7, 8, 9]]
[[1, 2], [10, 20]]
[[89, 1903, 3], [18, 3, 1], [9, 4, 800]]
]]></system-out>
  <system-err><![CDATA[]]></system-err>
</testsuite>
