<?xml version="1.0" encoding="UTF-8"?>
<testsuite name="BankAccountTest" tests="5" skipped="1" failures="0" errors="0" timestamp="2022-02-18T10:54:47" hostname="DESKTOP-F5KT1MV" time="0.074">
  <properties/>
  <testcase name="zeroBalanceWhenOpened" classname="BankAccountTest" time="0.023"/>
  <testcase name="closedAccountCannotBeAdjusted" classname="BankAccountTest" time="0.049"/>
  <testcase name="closedAccountHasNoBalance" classname="BankAccountTest" time="0.0"/>
  <testcase name="concurrentBalanceAdjustments" classname="BankAccountTest" time="0.0">
    <skipped/>
  </testcase>
  <testcase name="sequentialBalanceAdjustments" classname="BankAccountTest" time="0.0"/>
  <system-out><![CDATA[]]></system-out>
  <system-err><![CDATA[]]></system-err>
</testsuite>
